<?xml version="1.0" encoding="UTF-8"?>
<!-- Generated by org.testng.reporters.JUnitXMLReporter -->
<testsuite ignored="2" hostname="LAPTOP-TSBJIJT7" failures="0" tests="1" name="Default test" time="24.997" errors="0" timestamp="2024-11-27T21:06:25 IST">
  <testcase classname="com.sevenrmartsupermarket.tests.AdminUserTest" name="verifySearchButton" time="7.75"/>
  <testcase classname="com.sevenrmartsupermarket.tests.AdminUserTest" name="verifyAdminUserNewClick" time="0.0">
    <ignored/>
  </testcase> <!-- verifyAdminUserNewClick -->
  <testcase classname="com.sevenrmartsupermarket.tests.AdminUserTest" name="verifyAdminUserInfo" time="0.0">
    <ignored/>
  </testcase> <!-- verifyAdminUserInfo -->
</testsuite> <!-- Default test -->
