<?xml version="1.0" encoding="UTF-8"?>
<!-- Generated by org.testng.reporters.JUnitXMLReporter -->
<testsuite ignored="1" hostname="LAPTOP-TSBJIJT7" failures="0" tests="1" name="Default test" time="25.837" errors="0" timestamp="2024-12-05T11:11:37 IST">
  <testcase classname="com.sevenrmartsupermarket.tests.SubCategoryTest" name="verifyAddtheSubCategory" time="12.407"/>
  <testcase classname="com.sevenrmartsupermarket.tests.SubCategoryTest" name="verifyListSubCategories" time="0.0">
    <ignored/>
  </testcase> <!-- verifyListSubCategories -->
</testsuite> <!-- Default test -->
