<?xml version="1.0" encoding="UTF-8"?>
<!-- Generated by org.testng.reporters.JUnitXMLReporter -->
<testsuite ignored="0" hostname="LAPTOP-TSBJIJT7" failures="0" tests="3" name="Running in safari" time="38.299" errors="0" timestamp="2024-11-26T07:16:45 IST">
  <testcase classname="com.sevenrmartsupermarket.tests.LoginTest" name="verifyAdminUserLogin" time="0.0">
    <skipped/>
  </testcase> <!-- verifyAdminUserLogin -->
  <testcase classname="com.sevenrmartsupermarket.tests.HomeTest" name="verifyBgColorOftext" time="0.0">
    <skipped/>
  </testcase> <!-- verifyBgColorOftext -->
  <testcase classname="com.sevenrmartsupermarket.tests.HomeTest" name="verifyProfileName" time="0.0">
    <skipped/>
  </testcase> <!-- verifyProfileName -->
</testsuite> <!-- Running in safari -->
