<?xml version="1.0" encoding="UTF-8"?>
<testng-results ignored="0" total="1" passed="1" failed="0" skipped="0">
  <reporter-output>
  </reporter-output>
  <suite started-at="2024-11-29T06:57:41 IST" name="Default suite" finished-at="2024-11-29T06:57:54 IST" duration-ms="13085">
    <groups>
    </groups>
    <test started-at="2024-11-29T06:57:41 IST" name="Default test" finished-at="2024-11-29T06:57:54 IST" duration-ms="13085">
      <class name="com.sevenrmartsupermarket.tests.SubCategoryTest">
        <test-method is-config="true" signature="launchBrowser()[pri:0, instance:com.sevenrmartsupermarket.tests.SubCategoryTest@3d34d211]" started-at="2024-11-29T06:57:41 IST" name="launchBrowser" finished-at="2024-11-29T06:57:50 IST" duration-ms="8706" status="PASS">
          <reporter-output>
          </reporter-output>
        </test-method> <!-- launchBrowser -->
        <test-method signature="verifyAddSubCategory()[pri:0, instance:com.sevenrmartsupermarket.tests.SubCategoryTest@3d34d211]" started-at="2024-11-29T06:57:50 IST" name="verifyAddSubCategory" finished-at="2024-11-29T06:57:54 IST" duration-ms="4322" status="PASS">
          <reporter-output>
          </reporter-output>
        </test-method> <!-- verifyAddSubCategory -->
        <test-method is-config="true" signature="terminateSession(org.testng.ITestResult)[pri:0, instance:com.sevenrmartsupermarket.tests.SubCategoryTest@3d34d211]" started-at="2024-11-29T06:57:54 IST" name="terminateSession" finished-at="2024-11-29T06:57:54 IST" duration-ms="6" status="PASS">
          <params>
            <param index="0">
              <value>
                <![CDATA[[TestResult name=verifyAddSubCategory status=SUCCESS method=SubCategoryTest.verifyAddSubCategory()[pri:0, instance:com.sevenrmartsupermarket.tests.SubCategoryTest@3d34d211] output={null}]]]>
              </value>
            </param>
          </params>
          <reporter-output>
          </reporter-output>
        </test-method> <!-- terminateSession -->
      </class> <!-- com.sevenrmartsupermarket.tests.SubCategoryTest -->
    </test> <!-- Default test -->
  </suite> <!-- Default suite -->
</testng-results>
