<?xml version="1.0" encoding="UTF-8"?>
<testng-results ignored="0" total="1" passed="1" failed="0" skipped="0">
  <reporter-output>
  </reporter-output>
  <suite started-at="2024-11-29T20:32:35 IST" name="Default suite" finished-at="2024-11-29T20:33:00 IST" duration-ms="25380">
    <groups>
    </groups>
    <test started-at="2024-11-29T20:32:35 IST" name="Default test" finished-at="2024-11-29T20:33:00 IST" duration-ms="25380">
      <class name="com.sevenrmartsupermarket.tests.SubCategoryTest">
        <test-method is-config="true" signature="launchBrowser()[pri:0, instance:com.sevenrmartsupermarket.tests.SubCategoryTest@ae13544]" started-at="2024-11-29T20:32:35 IST" name="launchBrowser" finished-at="2024-11-29T20:32:48 IST" duration-ms="12690" status="PASS">
          <reporter-output>
          </reporter-output>
        </test-method> <!-- launchBrowser -->
        <test-method signature="verifyAddSubCategory()[pri:0, instance:com.sevenrmartsupermarket.tests.SubCategoryTest@ae13544]" started-at="2024-11-29T20:32:48 IST" name="verifyAddSubCategory" finished-at="2024-11-29T20:33:00 IST" duration-ms="12372" status="PASS">
          <reporter-output>
          </reporter-output>
        </test-method> <!-- verifyAddSubCategory -->
        <test-method is-config="true" signature="terminateSession(org.testng.ITestResult)[pri:0, instance:com.sevenrmartsupermarket.tests.SubCategoryTest@ae13544]" started-at="2024-11-29T20:33:00 IST" name="terminateSession" finished-at="2024-11-29T20:33:00 IST" duration-ms="16" status="PASS">
          <params>
            <param index="0">
              <value>
                <![CDATA[[TestResult name=verifyAddSubCategory status=SUCCESS method=SubCategoryTest.verifyAddSubCategory()[pri:0, instance:com.sevenrmartsupermarket.tests.SubCategoryTest@ae13544] output={null}]]]>
              </value>
            </param>
          </params>
          <reporter-output>
          </reporter-output>
        </test-method> <!-- terminateSession -->
      </class> <!-- com.sevenrmartsupermarket.tests.SubCategoryTest -->
    </test> <!-- Default test -->
  </suite> <!-- Default suite -->
</testng-results>
